[debug] [2022-04-27T07:01:36.504Z] ----------------------------------------------------------------------
[debug] [2022-04-27T07:01:36.508Z] Command:       C:\Program Files\nodejs\node.exe C:\Users\HP\AppData\Roaming\npm\node_modules\firebase-tools\lib\bin\firebase.js init
[debug] [2022-04-27T07:01:36.509Z] CLI Version:   10.7.1
[debug] [2022-04-27T07:01:36.509Z] Platform:      win32
[debug] [2022-04-27T07:01:36.510Z] Node Version:  v16.13.2
[debug] [2022-04-27T07:01:36.512Z] Time:          Wed Apr 27 2022 12:31:36 GMT+0530 (India Standard Time)
[debug] [2022-04-27T07:01:36.512Z] ----------------------------------------------------------------------
[debug] 
[debug] [2022-04-27T07:01:36.683Z] > command requires scopes: ["email","openid","https://www.googleapis.com/auth/cloudplatformprojects.readonly","https://www.googleapis.com/auth/firebase","https://www.googleapis.com/auth/cloud-platform"]
[debug] [2022-04-27T07:01:36.684Z] > authorizing via signed-in user (pranaygaurav4555@gmail.com)
[info] 
     ######## #### ########  ######## ########     ###     ######  ########
     ##        ##  ##     ## ##       ##     ##  ##   ##  ##       ##
     ######    ##  ########  ######   ########  #########  ######  ######
     ##        ##  ##    ##  ##       ##     ## ##     ##       ## ##
     ##       #### ##     ## ######## ########  ##     ##  ######  ########

You're about to initialize a Firebase project in this directory:

  D:\amazon clone react\amazon-clone

Before we get started, keep in mind:

  * You are initializing within an existing Firebase project directory

[info] 
=== Project Setup
[info] 
[info] First, let's associate this project directory with a Firebase project.
[info] You can create multiple project aliases by running firebase use --add, 
[info] but for now we'll just set up a default project.
[info] 
[debug] [2022-04-27T07:02:00.669Z] Using project from CLI flag: challenge-4b2b2
[debug] [2022-04-27T07:02:00.674Z] >>> [apiv2][query] GET https://firebase.googleapis.com/v1beta1/projects/challenge-4b2b2 [none]
[debug] [2022-04-27T07:02:01.572Z] <<< [apiv2][status] GET https://firebase.googleapis.com/v1beta1/projects/challenge-4b2b2 403
[debug] [2022-04-27T07:02:01.573Z] <<< [apiv2][body] GET https://firebase.googleapis.com/v1beta1/projects/challenge-4b2b2 {"error":{"code":403,"message":"The caller does not have permission","status":"PERMISSION_DENIED"}}
[debug] [2022-04-27T07:02:01.574Z] HTTP Error: 403, The caller does not have permission
[debug] [2022-04-27T07:02:01.758Z] FirebaseError: HTTP Error: 403, The caller does not have permission
    at module.exports (C:\Users\HP\AppData\Roaming\npm\node_modules\firebase-tools\lib\responseToError.js:47:12)
    at RetryOperation._fn (C:\Users\HP\AppData\Roaming\npm\node_modules\firebase-tools\lib\apiv2.js:286:39)
    at processTicksAndRejections (node:internal/process/task_queues:96:5)
[error] 
[error] Error: Failed to get Firebase project challenge-4b2b2. Please make sure the project exists and your account has permission to access it.
